# JRE version: OpenJDK Runtime Environment Temurin-21.0.12.1+1 (21.0.12.1+1) (build 21.0.12.1+1-LTS)
# Java VM: OpenJDK 64-Bit Server VM Temurin-21.0.12.1+1 (21.0.12.1+1-LTS, mixed mode, sharing, tiered, compressed oops, compressed class ptrs, parallel gc, windows-amd64)
GC Precious Log:
 CardTable entry size: 512
 CPUs: 4 total, 4 available
 Memory: 3976M
 Large Page Support: Disabled
 NUMA Support: Disabled
 Compressed Oops: Enabled (32-bit)
 Alignments: Space 512K, Generation 512K, Heap 2M
 Heap Min Capacity: 100M
 Heap Initial Capacity: 100M
 Heap Max Capacity: 2G
 Pre-touch: Disabled
 Parallel Workers: 4
Heap:
 PSYoungGen      total 5120K, used 5120K [0x00000000d5580000, 0x00000000d5c00000, 0x0000000100000000)
  eden space 3584K, 100% used [0x00000000d5580000,0x00000000d5900000,0x00000000d5900000)
  from space 1536K, 100% used [0x00000000d5900000,0x00000000d5a80000,0x00000000d5a80000)
  to   space 512K, 95% used [0x00000000d5b00000,0x00000000d5b7aca0,0x00000000d5b80000)
 ParOldGen       total 1135104K, used 1134673K [0x0000000080000000, 0x00000000c5480000, 0x00000000d5580000)
  object space 1135104K, 99% used [0x0000000080000000,0x00000000c5414668,0x00000000c5480000)
 Metaspace       used 61639K, committed 63296K, reserved 1114112K
  class space    used 6304K, committed 7104K, reserved 1048576K
GC Heap History (20 events):
Event: 143.718 GC heap before
{Heap before GC invocations=1839 (full 3):
 PSYoungGen      total 3072K, used 2752K [0x00000000d5580000, 0x00000000d5c00000, 0x0000000100000000)
  eden space 2048K, 100% used [0x00000000d5580000,0x00000000d5780000,0x00000000d5780000)
  from space 1024K, 68% used [0x00000000d5780000,0x00000000d5830000,0x00000000d5880000)
  to   space 2048K, 0% used [0x00000000d5a00000,0x00000000d5a00000,0x00000000d5c00000)
 ParOldGen       total 1125376K, used 1125157K [0x0000000080000000, 0x00000000c4b00000, 0x00000000d5580000)
  object space 1125376K, 99% used [0x0000000080000000,0x00000000c4ac9758,0x00000000c4b00000)
 Metaspace       used 61320K, committed 62976K, reserved 1114112K
  class space    used 6303K, committed 7104K, reserved 1048576K
}
Event: 143.723 GC heap after
{Heap after GC invocations=1839 (full 3):
 PSYoungGen      total 3584K, used 822K [0x00000000d5580000, 0x00000000d5b00000, 0x0000000100000000)
  eden space 2560K, 0% used [0x00000000d5580000,0x00000000d5580000,0x00000000d5800000)
  from space 1024K, 80% used [0x00000000d5a00000,0x00000000d5acd940,0x00000000d5b00000)
  to   space 1024K, 0% used [0x00000000d5900000,0x00000000d5900000,0x00000000d5a00000)
 ParOldGen       total 1125888K, used 1125821K [0x0000000080000000, 0x00000000c4b80000, 0x00000000d5580000)
  object space 1125888K, 99% used [0x0000000080000000,0x00000000c4b6f768,0x00000000c4b80000)
 Metaspace       used 61320K, committed 62976K, reserved 1114112K
  class space    used 6303K, committed 7104K, reserved 1048576K
}
Event: 143.730 GC heap before
{Heap before GC invocations=1840 (full 3):
 PSYoungGen      total 3584K, used 3382K [0x00000000d5580000, 0x00000000d5b00000, 0x0000000100000000)
  eden space 2560K, 100% used [0x00000000d5580000,0x00000000d5800000,0x00000000d5800000)
  from space 1024K, 80% used [0x00000000d5a00000,0x00000000d5acd940,0x00000000d5b00000)
  to   space 1024K, 0% used [0x00000000d5900000,0x00000000d5900000,0x00000000d5a00000)
 ParOldGen       total 1125888K, used 1125821K [0x0000000080000000, 0x00000000c4b80000, 0x00000000d5580000)
  object space 1125888K, 99% used [0x0000000080000000,0x00000000c4b6f768,0x00000000c4b80000)
 Metaspace       used 61320K, committed 62976K, reserved 1114112K
  class space    used 6303K, committed 7104K, reserved 1048576K
}
Event: 143.735 GC heap after
{Heap after GC invocations=1840 (full 3):
 PSYoungGen      total 4096K, used 1024K [0x00000000d5580000, 0x00000000d5d80000, 0x0000000100000000)
  eden space 3072K, 0% used [0x00000000d5580000,0x00000000d5580000,0x00000000d5880000)
  from space 1024K, 100% used [0x00000000d5900000,0x00000000d5a00000,0x00000000d5a00000)
  to   space 2560K, 0% used [0x00000000d5b00000,0x00000000d5b00000,0x00000000d5d80000)
 ParOldGen       total 1127424K, used 1126924K [0x0000000080000000, 0x00000000c4d00000, 0x00000000d5580000)
  object space 1127424K, 99% used [0x0000000080000000,0x00000000c4c830a8,0x00000000c4d00000)
 Metaspace       used 61320K, committed 62976K, reserved 1114112K
  class space    used 6303K, committed 7104K, reserved 1048576K
}
Event: 143.759 GC heap before
{Heap before GC invocations=1841 (full 3):
 PSYoungGen      total 4096K, used 4096K [0x00000000d5580000, 0x00000000d5d80000, 0x0000000100000000)
  eden space 3072K, 100% used [0x00000000d5580000,0x00000000d5880000,0x00000000d5880000)
  from space 1024K, 100% used [0x00000000d5900000,0x00000000d5a00000,0x00000000d5a00000)
  to   space 2560K, 0% used [0x00000000d5b00000,0x00000000d5b00000,0x00000000d5d80000)
 ParOldGen       total 1127424K, used 1126924K [0x0000000080000000, 0x00000000c4d00000, 0x00000000d5580000)
  object space 1127424K, 99% used [0x0000000080000000,0x00000000c4c830a8,0x00000000c4d00000)
 Metaspace       used 61320K, committed 62976K, reserved 1114112K
  class space    used 6303K, committed 7104K, reserved 1048576K
}
Event: 143.770 GC heap after
{Heap after GC invocations=1841 (full 3):
 PSYoungGen      total 6144K, used 1760K [0x00000000d5580000, 0x00000000d5d80000, 0x0000000100000000)
  eden space 3584K, 0% used [0x00000000d5580000,0x00000000d5580000,0x00000000d5900000)
  from space 2560K, 68% used [0x00000000d5b00000,0x00000000d5cb8000,0x00000000d5d80000)
  to   space 2048K, 0% used [0x00000000d5900000,0x00000000d5900000,0x00000000d5b00000)
 ParOldGen       total 1128448K, used 1127977K [0x0000000080000000, 0x00000000c4e00000, 0x00000000d5580000)
  object space 1128448K, 99% used [0x0000000080000000,0x00000000c4d8a528,0x00000000c4e00000)
 Metaspace       used 61320K, committed 62976K, reserved 1114112K
  class space    used 6303K, committed 7104K, reserved 1048576K
}
Event: 143.839 GC heap before
{Heap before GC invocations=1842 (full 3):
 PSYoungGen      total 6144K, used 5342K [0x00000000d5580000, 0x00000000d5d80000, 0x0000000100000000)
  eden space 3584K, 99% used [0x00000000d5580000,0x00000000d58ff970,0x00000000d5900000)
  from space 2560K, 68% used [0x00000000d5b00000,0x00000000d5cb8000,0x00000000d5d80000)
  to   space 2048K, 0% used [0x00000000d5900000,0x00000000d5900000,0x00000000d5b00000)
 ParOldGen       total 1128448K, used 1127977K [0x0000000080000000, 0x00000000c4e00000, 0x00000000d5580000)
  object space 1128448K, 99% used [0x0000000080000000,0x00000000c4d8a528,0x00000000c4e00000)
 Metaspace       used 61320K, committed 62976K, reserved 1114112K
  class space    used 6303K, committed 7104K, reserved 1048576K
}
Event: 143.853 GC heap after
{Heap after GC invocations=1842 (full 3):
 PSYoungGen      total 5632K, used 244K [0x00000000d5580000, 0x00000000d5c00000, 0x0000000100000000)
  eden space 3584K, 0% used [0x00000000d5580000,0x00000000d5580000,0x00000000d5900000)
  from space 2048K, 11% used [0x00000000d5900000,0x00000000d593d3f8,0x00000000d5b00000)
  to   space 1024K, 0% used [0x00000000d5b00000,0x00000000d5b00000,0x00000000d5c00000)
 ParOldGen       total 1129984K, used 1129681K [0x0000000080000000, 0x00000000c4f80000, 0x00000000d5580000)
  object space 1129984K, 99% used [0x0000000080000000,0x00000000c4f34528,0x00000000c4f80000)
 Metaspace       used 61320K, committed 62976K, reserved 1114112K
  class space    used 6303K, committed 7104K, reserved 1048576K
}
Event: 143.865 GC heap before
{Heap before GC invocations=1843 (full 3):
 PSYoungGen      total 5632K, used 3828K [0x00000000d5580000, 0x00000000d5c00000, 0x0000000100000000)
  eden space 3584K, 100% used [0x00000000d5580000,0x00000000d5900000,0x00000000d5900000)
  from space 2048K, 11% used [0x00000000d5900000,0x00000000d593d3f8,0x00000000d5b00000)
  to   space 1024K, 0% used [0x00000000d5b00000,0x00000000d5b00000,0x00000000d5c00000)
 ParOldGen       total 1129984K, used 1129681K [0x0000000080000000, 0x00000000c4f80000, 0x00000000d5580000)
  object space 1129984K, 99% used [0x0000000080000000,0x00000000c4f34528,0x00000000c4f80000)
 Metaspace       used 61320K, committed 62976K, reserved 1114112K
  class space    used 6303K, committed 7104K, reserved 1048576K
}
Event: 143.869 GC heap after
{Heap after GC invocations=1843 (full 3):
 PSYoungGen      total 4608K, used 1014K [0x00000000d5580000, 0x00000000d5e00000, 0x0000000100000000)
  eden space 3584K, 0% used [0x00000000d5580000,0x00000000d5580000,0x00000000d5900000)
  from space 1024K, 99% used [0x00000000d5b00000,0x00000000d5bfd940,0x00000000d5c00000)
  to   space 2048K, 0% used [0x00000000d5900000,0x00000000d5900000,0x00000000d5b00000)
 ParOldGen       total 1130496K, used 1130281K [0x0000000080000000, 0x00000000c5000000, 0x00000000d5580000)
  object space 1130496K, 99% used [0x0000000080000000,0x00000000c4fca528,0x00000000c5000000)
 Metaspace       used 61320K, committed 62976K, reserved 1114112K
  class space    used 6303K, committed 7104K, reserved 1048576K
}
Event: 143.911 GC heap before
{Heap before GC invocations=1844 (full 3):
 PSYoungGen      total 4608K, used 4598K [0x00000000d5580000, 0x00000000d5e00000, 0x0000000100000000)
  eden space 3584K, 100% used [0x00000000d5580000,0x00000000d5900000,0x00000000d5900000)
  from space 1024K, 99% used [0x00000000d5b00000,0x00000000d5bfd940,0x00000000d5c00000)
  to   space 2048K, 0% used [0x00000000d5900000,0x00000000d5900000,0x00000000d5b00000)
 ParOldGen       total 1130496K, used 1130281K [0x0000000080000000, 0x00000000c5000000, 0x00000000d5580000)
  object space 1130496K, 99% used [0x0000000080000000,0x00000000c4fca528,0x00000000c5000000)
 Metaspace       used 61333K, committed 62976K, reserved 1114112K
  class space    used 6303K, committed 7104K, reserved 1048576K
}
Event: 143.917 GC heap after
{Heap after GC invocations=1844 (full 3):
 PSYoungGen      total 5632K, used 160K [0x00000000d5580000, 0x00000000d5c00000, 0x0000000100000000)
  eden space 3584K, 0% used [0x00000000d5580000,0x00000000d5580000,0x00000000d5900000)
  from space 2048K, 7% used [0x00000000d5900000,0x00000000d5928000,0x00000000d5b00000)
  to   space 1024K, 0% used [0x00000000d5b00000,0x00000000d5b00000,0x00000000d5c00000)
 ParOldGen       total 1130496K, used 1130297K [0x0000000080000000, 0x00000000c5000000, 0x00000000d5580000)
  object space 1130496K, 99% used [0x0000000080000000,0x00000000c4fce528,0x00000000c5000000)
 Metaspace       used 61333K, committed 62976K, reserved 1114112K
  class space    used 6303K, committed 7104K, reserved 1048576K
}
Event: 143.969 GC heap before
{Heap before GC invocations=1845 (full 3):
 PSYoungGen      total 5632K, used 3743K [0x00000000d5580000, 0x00000000d5c00000, 0x0000000100000000)
  eden space 3584K, 99% used [0x00000000d5580000,0x00000000d58ffff0,0x00000000d5900000)
  from space 2048K, 7% used [0x00000000d5900000,0x00000000d5928000,0x00000000d5b00000)
  to   space 1024K, 0% used [0x00000000d5b00000,0x00000000d5b00000,0x00000000d5c00000)
 ParOldGen       total 1130496K, used 1130297K [0x0000000080000000, 0x00000000c5000000, 0x00000000d5580000)
  object space 1130496K, 99% used [0x0000000080000000,0x00000000c4fce528,0x00000000c5000000)
 Metaspace       used 61350K, committed 62976K, reserved 1114112K
  class space    used 6303K, committed 7104K, reserved 1048576K
}
Event: 143.974 GC heap after
{Heap after GC invocations=1845 (full 3):
 PSYoungGen      total 4096K, used 128K [0x00000000d5580000, 0x00000000d5b80000, 0x0000000100000000)
  eden space 3584K, 0% used [0x00000000d5580000,0x00000000d5580000,0x00000000d5900000)
  from space 512K, 25% used [0x00000000d5b00000,0x00000000d5b20000,0x00000000d5b80000)
  to   space 512K, 0% used [0x00000000d5a80000,0x00000000d5a80000,0x00000000d5b00000)
 ParOldGen       total 1130496K, used 1130377K [0x0000000080000000, 0x00000000c5000000, 0x00000000d5580000)
  object space 1130496K, 99% used [0x0000000080000000,0x00000000c4fe2528,0x00000000c5000000)
 Metaspace       used 61350K, committed 62976K, reserved 1114112K
  class space    used 6303K, committed 7104K, reserved 1048576K
}
Event: 144.028 GC heap before
{Heap before GC invocations=1846 (full 3):
 PSYoungGen      total 4096K, used 3712K [0x00000000d5580000, 0x00000000d5b80000, 0x0000000100000000)
  eden space 3584K, 100% used [0x00000000d5580000,0x00000000d5900000,0x00000000d5900000)
  from space 512K, 25% used [0x00000000d5b00000,0x00000000d5b20000,0x00000000d5b80000)
  to   space 512K, 0% used [0x00000000d5a80000,0x00000000d5a80000,0x00000000d5b00000)
 ParOldGen       total 1130496K, used 1130377K [0x0000000080000000, 0x00000000c5000000, 0x00000000d5580000)
  object space 1130496K, 99% used [0x0000000080000000,0x00000000c4fe2528,0x00000000c5000000)
 Metaspace       used 61446K, committed 63104K, reserved 1114112K
  class space    used 6304K, committed 7104K, reserved 1048576K
}
Event: 144.034 GC heap after
{Heap after GC invocations=1846 (full 3):
 PSYoungGen      total 4096K, used 160K [0x00000000d5580000, 0x00000000d5b80000, 0x0000000100000000)
  eden space 3584K, 0% used [0x00000000d5580000,0x00000000d5580000,0x00000000d5900000)
  from space 512K, 31% used [0x00000000d5a80000,0x00000000d5aa8000,0x00000000d5b00000)
  to   space 512K, 0% used [0x00000000d5b00000,0x00000000d5b00000,0x00000000d5b80000)
 ParOldGen       total 1130496K, used 1130417K [0x0000000080000000, 0x00000000c5000000, 0x00000000d5580000)
  object space 1130496K, 99% used [0x0000000080000000,0x00000000c4fec528,0x00000000c5000000)
 Metaspace       used 61446K, committed 63104K, reserved 1114112K
  class space    used 6304K, committed 7104K, reserved 1048576K
}
Event: 144.107 GC heap before
{Heap before GC invocations=1847 (full 3):
 PSYoungGen      total 4096K, used 3744K [0x00000000d5580000, 0x00000000d5b80000, 0x0000000100000000)
  eden space 3584K, 100% used [0x00000000d5580000,0x00000000d5900000,0x00000000d5900000)
  from space 512K, 31% used [0x00000000d5a80000,0x00000000d5aa8000,0x00000000d5b00000)
  to   space 512K, 0% used [0x00000000d5b00000,0x00000000d5b00000,0x00000000d5b80000)
 ParOldGen       total 1130496K, used 1130417K [0x0000000080000000, 0x00000000c5000000, 0x00000000d5580000)
  object space 1130496K, 99% used [0x0000000080000000,0x00000000c4fec528,0x00000000c5000000)
 Metaspace       used 61625K, committed 63232K, reserved 1114112K
  class space    used 6304K, committed 7104K, reserved 1048576K
}
Event: 144.114 GC heap after
{Heap after GC invocations=1847 (full 3):
 PSYoungGen      total 4096K, used 491K [0x00000000d5580000, 0x00000000d5c00000, 0x0000000100000000)
  eden space 3584K, 0% used [0x00000000d5580000,0x00000000d5580000,0x00000000d5900000)
  from space 512K, 95% used [0x00000000d5b00000,0x00000000d5b7aca0,0x00000000d5b80000)
  to   space 1536K, 0% used [0x00000000d5900000,0x00000000d5900000,0x00000000d5a80000)
 ParOldGen       total 1131008K, used 1130844K [0x0000000080000000, 0x00000000c5080000, 0x00000000d5580000)
  object space 1131008K, 99% used [0x0000000080000000,0x00000000c50571c8,0x00000000c5080000)
 Metaspace       used 61625K, committed 63232K, reserved 1114112K
  class space    used 6304K, committed 7104K, reserved 1048576K
}
Event: 144.140 GC heap before
{Heap before GC invocations=1848 (full 3):
 PSYoungGen      total 4096K, used 4075K [0x00000000d5580000, 0x00000000d5c00000, 0x0000000100000000)
  eden space 3584K, 100% used [0x00000000d5580000,0x00000000d5900000,0x00000000d5900000)
  from space 512K, 95% used [0x00000000d5b00000,0x00000000d5b7aca0,0x00000000d5b80000)
  to   space 1536K, 0% used [0x00000000d5900000,0x00000000d5900000,0x00000000d5a80000)
 ParOldGen       total 1131008K, used 1130844K [0x0000000080000000, 0x00000000c5080000, 0x00000000d5580000)
  object space 1131008K, 99% used [0x0000000080000000,0x00000000c50571c8,0x00000000c5080000)
 Metaspace       used 61635K, committed 63296K, reserved 1114112K
  class space    used 6304K, committed 7104K, reserved 1048576K
}
Event: 144.151 GC heap after
{Heap after GC invocations=1848 (full 3):
 PSYoungGen      total 5120K, used 1536K [0x00000000d5580000, 0x00000000d5c00000, 0x0000000100000000)
  eden space 3584K, 0% used [0x00000000d5580000,0x00000000d5580000,0x00000000d5900000)
  from space 1536K, 100% used [0x00000000d5900000,0x00000000d5a80000,0x00000000d5a80000)
  to   space 512K, 0% used [0x00000000d5b00000,0x00000000d5b00000,0x00000000d5b80000)
 ParOldGen       total 1133568K, used 1133157K [0x0000000080000000, 0x00000000c5300000, 0x00000000d5580000)
  object space 1133568K, 99% used [0x0000000080000000,0x00000000c5299578,0x00000000c5300000)
 Metaspace       used 61635K, committed 63296K, reserved 1114112K
  class space    used 6304K, committed 7104K, reserved 1048576K
}

